<?xml version="1.0" encoding="UTF-8"?>
<!-- Generated by org.testng.reporters.JUnitReportReporter -->
<testsuite skipped="0" hostname="Sachin-Sharma" name="com.qa.trcrm.tests.ContactsPageTest" tests="2" failures="0" timestamp="22 Nov 2021 17:14:22 GMT" time="21.626" errors="0">
  <testcase name="createNewContactsTest" time="14.810" classname="com.qa.trcrm.tests.ContactsPageTest"/>
  <testcase name="createNewContactsTest" time="6.816" classname="com.qa.trcrm.tests.ContactsPageTest"/>
</testsuite> <!-- com.qa.trcrm.tests.ContactsPageTest -->
